Started GET "/up" for ::1 at 2025-03-30 13:59:37 -0400
  [1m[35m (2.2ms)[0m  [1m[35mCREATE TABLE "schema_migrations" ("version" varchar NOT NULL PRIMARY KEY) /*application='DemoRubyClassesRailsApi'*/[0m
  [1m[35m (0.1ms)[0m  [1m[35mCREATE TABLE "ar_internal_metadata" ("key" varchar NOT NULL PRIMARY KEY, "value" varchar, "created_at" datetime(6) NOT NULL, "updated_at" datetime(6) NOT NULL) /*application='DemoRubyClassesRailsApi'*/[0m
  [1m[36mActiveRecord::SchemaMigration Load (0.1ms)[0m  [1m[34mSELECT "schema_migrations"."version" FROM "schema_migrations" ORDER BY "schema_migrations"."version" ASC /*application='DemoRubyClassesRailsApi'*/[0m
Processing by Rails::HealthController#show as */*
  Rendering html template
  Rendered html template (Duration: 0.7ms | GC: 0.0ms)
Completed 200 OK in 43ms (Views: 9.0ms | ActiveRecord: 0.0ms (0 queries, 0 cached) | GC: 1.6ms)


Started GET "/upff" for ::1 at 2025-03-30 13:59:45 -0400
  
ActionController::RoutingError (No route matches [GET] "/upff"):
  
Started GET "/up" for ::1 at 2025-03-30 13:59:49 -0400
Processing by Rails::HealthController#show as */*
  Rendering html template
  Rendered html template (Duration: 0.9ms | GC: 0.0ms)
Completed 200 OK in 25ms (Views: 4.1ms | ActiveRecord: 0.0ms (0 queries, 0 cached) | GC: 0.0ms)


Started GET "/" for ::1 at 2025-03-30 13:59:55 -0400
Processing by Rails::WelcomeController#index as HTML
  Rendering /Users/jacobhoffman/.local/share/mise/installs/ruby/3.4.2/lib/ruby/gems/3.4.0/gems/railties-8.0.2/lib/rails/templates/rails/welcome/index.html.erb
  Rendered /Users/jacobhoffman/.local/share/mise/installs/ruby/3.4.2/lib/ruby/gems/3.4.0/gems/railties-8.0.2/lib/rails/templates/rails/welcome/index.html.erb (Duration: 1.6ms | GC: 0.0ms)
Completed 200 OK in 33ms (Views: 3.5ms | ActiveRecord: 0.0ms (0 queries, 0 cached) | GC: 0.0ms)


Started GET "/animals" for ::1 at 2025-03-30 14:08:06 -0400
  
ActiveRecord::DuplicateMigrationVersionError (

Multiple migrations have the version number 20240330.

):
  
activerecord (8.0.2) lib/active_record/migration.rb:1562:in 'ActiveRecord::Migrator#validate'
activerecord (8.0.2) lib/active_record/migration.rb:1429:in 'ActiveRecord::Migrator#initialize'
activerecord (8.0.2) lib/active_record/migration.rb:1279:in 'Class#new'
activerecord (8.0.2) lib/active_record/migration.rb:1279:in 'ActiveRecord::MigrationContext#open'
activerecord (8.0.2) lib/active_record/migration.rb:763:in 'block (2 levels) in ActiveRecord::Migration.pending_migrations'
activerecord (8.0.2) lib/active_record/migration/pending_migration_connection.rb:8:in 'ActiveRecord::PendingMigrationConnection.with_temporary_pool'
activerecord (8.0.2) lib/active_record/migration.rb:762:in 'block in ActiveRecord::Migration.pending_migrations'
activerecord (8.0.2) lib/active_record/migration.rb:761:in 'Array#each'
activerecord (8.0.2) lib/active_record/migration.rb:761:in 'ActiveRecord::Migration.pending_migrations'
activerecord (8.0.2) lib/active_record/migration.rb:740:in 'ActiveRecord::Migration.check_pending_migrations'
activerecord (8.0.2) lib/active_record/migration.rb:660:in 'block (2 levels) in ActiveRecord::Migration::CheckPending#call'
activesupport (8.0.2) lib/active_support/file_update_checker.rb:85:in 'ActiveSupport::FileUpdateChecker#execute'
activerecord (8.0.2) lib/active_record/migration.rb:665:in 'block in ActiveRecord::Migration::CheckPending#call'
activerecord (8.0.2) lib/active_record/migration.rb:657:in 'Thread::Mutex#synchronize'
activerecord (8.0.2) lib/active_record/migration.rb:657:in 'ActiveRecord::Migration::CheckPending#call'
actionpack (8.0.2) lib/action_dispatch/middleware/callbacks.rb:31:in 'block in ActionDispatch::Callbacks#call'
activesupport (8.0.2) lib/active_support/callbacks.rb:100:in 'ActiveSupport::Callbacks#run_callbacks'
actionpack (8.0.2) lib/action_dispatch/middleware/callbacks.rb:30:in 'ActionDispatch::Callbacks#call'
actionpack (8.0.2) lib/action_dispatch/middleware/executor.rb:16:in 'ActionDispatch::Executor#call'
actionpack (8.0.2) lib/action_dispatch/middleware/actionable_exceptions.rb:18:in 'ActionDispatch::ActionableExceptions#call'
actionpack (8.0.2) lib/action_dispatch/middleware/debug_exceptions.rb:31:in 'ActionDispatch::DebugExceptions#call'
web-console (4.2.1) lib/web_console/middleware.rb:132:in 'WebConsole::Middleware#call_app'
web-console (4.2.1) lib/web_console/middleware.rb:28:in 'block in WebConsole::Middleware#call'
web-console (4.2.1) lib/web_console/middleware.rb:17:in 'Kernel#catch'
web-console (4.2.1) lib/web_console/middleware.rb:17:in 'WebConsole::Middleware#call'
actionpack (8.0.2) lib/action_dispatch/middleware/show_exceptions.rb:32:in 'ActionDispatch::ShowExceptions#call'
railties (8.0.2) lib/rails/rack/logger.rb:41:in 'Rails::Rack::Logger#call_app'
railties (8.0.2) lib/rails/rack/logger.rb:29:in 'Rails::Rack::Logger#call'
actionpack (8.0.2) lib/action_dispatch/middleware/remote_ip.rb:96:in 'ActionDispatch::RemoteIp#call'
actionpack (8.0.2) lib/action_dispatch/middleware/request_id.rb:34:in 'ActionDispatch::RequestId#call'
rack (3.1.12) lib/rack/method_override.rb:28:in 'Rack::MethodOverride#call'
rack (3.1.12) lib/rack/runtime.rb:24:in 'Rack::Runtime#call'
actionpack (8.0.2) lib/action_dispatch/middleware/server_timing.rb:61:in 'block in ActionDispatch::ServerTiming#call'
actionpack (8.0.2) lib/action_dispatch/middleware/server_timing.rb:26:in 'ActionDispatch::ServerTiming::Subscriber#collect_events'
actionpack (8.0.2) lib/action_dispatch/middleware/server_timing.rb:60:in 'ActionDispatch::ServerTiming#call'
actionpack (8.0.2) lib/action_dispatch/middleware/executor.rb:16:in 'ActionDispatch::Executor#call'
actionpack (8.0.2) lib/action_dispatch/middleware/static.rb:27:in 'ActionDispatch::Static#call'
rack (3.1.12) lib/rack/sendfile.rb:114:in 'Rack::Sendfile#call'
actionpack (8.0.2) lib/action_dispatch/middleware/host_authorization.rb:143:in 'ActionDispatch::HostAuthorization#call'
railties (8.0.2) lib/rails/engine.rb:535:in 'Rails::Engine#call'
puma (6.6.0) lib/puma/configuration.rb:279:in 'Puma::Configuration::ConfigMiddleware#call'
puma (6.6.0) lib/puma/request.rb:99:in 'block in Puma::Request#handle_request'
puma (6.6.0) lib/puma/thread_pool.rb:390:in 'Puma::ThreadPool#with_force_shutdown'
puma (6.6.0) lib/puma/request.rb:98:in 'Puma::Request#handle_request'
puma (6.6.0) lib/puma/server.rb:472:in 'Puma::Server#process_client'
puma (6.6.0) lib/puma/server.rb:254:in 'block in Puma::Server#run'
puma (6.6.0) lib/puma/thread_pool.rb:167:in 'block in Puma::ThreadPool#spawn_thread'
Started GET "/animals" for ::1 at 2025-03-30 14:09:10 -0400
  
ActiveRecord::DuplicateMigrationVersionError (

Multiple migrations have the version number 20240330.

):
  
activerecord (8.0.2) lib/active_record/migration.rb:1562:in 'ActiveRecord::Migrator#validate'
activerecord (8.0.2) lib/active_record/migration.rb:1429:in 'ActiveRecord::Migrator#initialize'
activerecord (8.0.2) lib/active_record/migration.rb:1279:in 'Class#new'
activerecord (8.0.2) lib/active_record/migration.rb:1279:in 'ActiveRecord::MigrationContext#open'
activerecord (8.0.2) lib/active_record/migration.rb:763:in 'block (2 levels) in ActiveRecord::Migration.pending_migrations'
activerecord (8.0.2) lib/active_record/migration/pending_migration_connection.rb:8:in 'ActiveRecord::PendingMigrationConnection.with_temporary_pool'
activerecord (8.0.2) lib/active_record/migration.rb:762:in 'block in ActiveRecord::Migration.pending_migrations'
activerecord (8.0.2) lib/active_record/migration.rb:761:in 'Array#each'
activerecord (8.0.2) lib/active_record/migration.rb:761:in 'ActiveRecord::Migration.pending_migrations'
activerecord (8.0.2) lib/active_record/migration.rb:740:in 'ActiveRecord::Migration.check_pending_migrations'
activerecord (8.0.2) lib/active_record/migration.rb:660:in 'block (2 levels) in ActiveRecord::Migration::CheckPending#call'
activesupport (8.0.2) lib/active_support/file_update_checker.rb:85:in 'ActiveSupport::FileUpdateChecker#execute'
activerecord (8.0.2) lib/active_record/migration.rb:665:in 'block in ActiveRecord::Migration::CheckPending#call'
activerecord (8.0.2) lib/active_record/migration.rb:657:in 'Thread::Mutex#synchronize'
activerecord (8.0.2) lib/active_record/migration.rb:657:in 'ActiveRecord::Migration::CheckPending#call'
actionpack (8.0.2) lib/action_dispatch/middleware/callbacks.rb:31:in 'block in ActionDispatch::Callbacks#call'
activesupport (8.0.2) lib/active_support/callbacks.rb:100:in 'ActiveSupport::Callbacks#run_callbacks'
actionpack (8.0.2) lib/action_dispatch/middleware/callbacks.rb:30:in 'ActionDispatch::Callbacks#call'
actionpack (8.0.2) lib/action_dispatch/middleware/executor.rb:16:in 'ActionDispatch::Executor#call'
actionpack (8.0.2) lib/action_dispatch/middleware/actionable_exceptions.rb:18:in 'ActionDispatch::ActionableExceptions#call'
actionpack (8.0.2) lib/action_dispatch/middleware/debug_exceptions.rb:31:in 'ActionDispatch::DebugExceptions#call'
web-console (4.2.1) lib/web_console/middleware.rb:132:in 'WebConsole::Middleware#call_app'
web-console (4.2.1) lib/web_console/middleware.rb:28:in 'block in WebConsole::Middleware#call'
web-console (4.2.1) lib/web_console/middleware.rb:17:in 'Kernel#catch'
web-console (4.2.1) lib/web_console/middleware.rb:17:in 'WebConsole::Middleware#call'
actionpack (8.0.2) lib/action_dispatch/middleware/show_exceptions.rb:32:in 'ActionDispatch::ShowExceptions#call'
railties (8.0.2) lib/rails/rack/logger.rb:41:in 'Rails::Rack::Logger#call_app'
railties (8.0.2) lib/rails/rack/logger.rb:29:in 'Rails::Rack::Logger#call'
actionpack (8.0.2) lib/action_dispatch/middleware/remote_ip.rb:96:in 'ActionDispatch::RemoteIp#call'
actionpack (8.0.2) lib/action_dispatch/middleware/request_id.rb:34:in 'ActionDispatch::RequestId#call'
rack (3.1.12) lib/rack/method_override.rb:28:in 'Rack::MethodOverride#call'
rack (3.1.12) lib/rack/runtime.rb:24:in 'Rack::Runtime#call'
actionpack (8.0.2) lib/action_dispatch/middleware/server_timing.rb:61:in 'block in ActionDispatch::ServerTiming#call'
actionpack (8.0.2) lib/action_dispatch/middleware/server_timing.rb:26:in 'ActionDispatch::ServerTiming::Subscriber#collect_events'
actionpack (8.0.2) lib/action_dispatch/middleware/server_timing.rb:60:in 'ActionDispatch::ServerTiming#call'
actionpack (8.0.2) lib/action_dispatch/middleware/executor.rb:16:in 'ActionDispatch::Executor#call'
actionpack (8.0.2) lib/action_dispatch/middleware/static.rb:27:in 'ActionDispatch::Static#call'
rack (3.1.12) lib/rack/sendfile.rb:114:in 'Rack::Sendfile#call'
actionpack (8.0.2) lib/action_dispatch/middleware/host_authorization.rb:143:in 'ActionDispatch::HostAuthorization#call'
railties (8.0.2) lib/rails/engine.rb:535:in 'Rails::Engine#call'
puma (6.6.0) lib/puma/configuration.rb:279:in 'Puma::Configuration::ConfigMiddleware#call'
puma (6.6.0) lib/puma/request.rb:99:in 'block in Puma::Request#handle_request'
puma (6.6.0) lib/puma/thread_pool.rb:390:in 'Puma::ThreadPool#with_force_shutdown'
puma (6.6.0) lib/puma/request.rb:98:in 'Puma::Request#handle_request'
puma (6.6.0) lib/puma/server.rb:472:in 'Puma::Server#process_client'
puma (6.6.0) lib/puma/server.rb:254:in 'block in Puma::Server#run'
puma (6.6.0) lib/puma/thread_pool.rb:167:in 'block in Puma::ThreadPool#spawn_thread'
  [1m[36mActiveRecord::InternalMetadata Load (0.2ms)[0m  [1m[34mSELECT * FROM "ar_internal_metadata" WHERE "ar_internal_metadata"."key" = 'environment' ORDER BY "ar_internal_metadata"."key" ASC LIMIT 1 /*application='DemoRubyClassesRailsApi'*/[0m
  [1m[36mActiveRecord::InternalMetadata Create (0.6ms)[0m  [1m[32mINSERT INTO "ar_internal_metadata" ("key", "value", "created_at", "updated_at") VALUES ('environment', 'development', '2025-03-30 18:11:45.704461', '2025-03-30 18:11:45.704464') RETURNING "key" /*application='DemoRubyClassesRailsApi'*/[0m
  [1m[36mActiveRecord::SchemaMigration Load (0.0ms)[0m  [1m[34mSELECT "schema_migrations"."version" FROM "schema_migrations" ORDER BY "schema_migrations"."version" ASC /*application='DemoRubyClassesRailsApi'*/[0m
Migrating to CreateAnimals (20240330000001)
  [1m[36mTRANSACTION (0.1ms)[0m  [1m[35mBEGIN immediate TRANSACTION /*application='DemoRubyClassesRailsApi'*/[0m
  [1m[35m (1.4ms)[0m  [1m[35mCREATE TABLE "animals" ("name" varchar NOT NULL PRIMARY KEY, "created_at" datetime(6) NOT NULL, "updated_at" datetime(6) NOT NULL) /*application='DemoRubyClassesRailsApi'*/[0m
  [1m[36mActiveRecord::SchemaMigration Create (0.1ms)[0m  [1m[32mINSERT INTO "schema_migrations" ("version") VALUES ('20240330000001') RETURNING "version" /*application='DemoRubyClassesRailsApi'*/[0m
  [1m[36mTRANSACTION (0.1ms)[0m  [1m[35mCOMMIT TRANSACTION /*application='DemoRubyClassesRailsApi'*/[0m
Migrating to CreateFoods (20240330000002)
  [1m[36mTRANSACTION (0.0ms)[0m  [1m[35mBEGIN immediate TRANSACTION /*application='DemoRubyClassesRailsApi'*/[0m
  [1m[35m (0.9ms)[0m  [1m[35mCREATE TABLE "foods" ("name" varchar NOT NULL PRIMARY KEY, "created_at" datetime(6) NOT NULL, "updated_at" datetime(6) NOT NULL) /*application='DemoRubyClassesRailsApi'*/[0m
  [1m[36mActiveRecord::SchemaMigration Create (0.0ms)[0m  [1m[32mINSERT INTO "schema_migrations" ("version") VALUES ('20240330000002') RETURNING "version" /*application='DemoRubyClassesRailsApi'*/[0m
  [1m[36mTRANSACTION (0.2ms)[0m  [1m[35mCOMMIT TRANSACTION /*application='DemoRubyClassesRailsApi'*/[0m
  [1m[36mActiveRecord::SchemaMigration Load (0.3ms)[0m  [1m[34mSELECT "schema_migrations"."version" FROM "schema_migrations" ORDER BY "schema_migrations"."version" ASC /*application='DemoRubyClassesRailsApi'*/[0m
Started GET "/animals" for ::1 at 2025-03-30 14:12:11 -0400
  [1m[36mActiveRecord::SchemaMigration Load (1.0ms)[0m  [1m[34mSELECT "schema_migrations"."version" FROM "schema_migrations" ORDER BY "schema_migrations"."version" ASC /*application='DemoRubyClassesRailsApi'*/[0m
Processing by AnimalsController#index as */*
  [1m[36mAnimal Load (1.1ms)[0m  [1m[34mSELECT "animals".* FROM "animals" /*action='index',application='DemoRubyClassesRailsApi',controller='animals'*/[0m
  ↳ app/controllers/animals_controller.rb:4:in 'AnimalsController#index'
Completed 200 OK in 83ms (Views: 1.8ms | ActiveRecord: 1.3ms (1 query, 0 cached) | GC: 14.5ms)


  [1m[36mActiveRecord::InternalMetadata Load (0.3ms)[0m  [1m[34mSELECT * FROM "ar_internal_metadata" WHERE "ar_internal_metadata"."key" = 'environment' ORDER BY "ar_internal_metadata"."key" ASC LIMIT 1 /*application='DemoRubyClassesRailsApi'*/[0m
  [1m[36mActiveRecord::SchemaMigration Load (0.1ms)[0m  [1m[34mSELECT "schema_migrations"."version" FROM "schema_migrations" ORDER BY "schema_migrations"."version" ASC /*application='DemoRubyClassesRailsApi'*/[0m
Migrating to CreateAnimalLikesFoods (20240330000003)
  [1m[36mTRANSACTION (0.0ms)[0m  [1m[35mBEGIN immediate TRANSACTION /*application='DemoRubyClassesRailsApi'*/[0m
  [1m[35m (2.0ms)[0m  [1m[35mCREATE TABLE "animal_likes_foods" ("id" integer PRIMARY KEY AUTOINCREMENT NOT NULL, "animal_name" varchar NOT NULL, "food_name" varchar NOT NULL, "created_at" datetime(6) NOT NULL, "updated_at" datetime(6) NOT NULL, CONSTRAINT "fk_rails_db69ff8a88"
FOREIGN KEY ("animal_name")
  REFERENCES "animals" ("name")
, CONSTRAINT "fk_rails_3f9a453a13"
FOREIGN KEY ("food_name")
  REFERENCES "foods" ("name")
) /*application='DemoRubyClassesRailsApi'*/[0m
  [1m[35m (0.1ms)[0m  [1m[35mCREATE UNIQUE INDEX "index_animal_likes_foods_on_animal_name_and_food_name" ON "animal_likes_foods" ("animal_name", "food_name") /*application='DemoRubyClassesRailsApi'*/[0m
  [1m[36mActiveRecord::SchemaMigration Create (0.0ms)[0m  [1m[32mINSERT INTO "schema_migrations" ("version") VALUES ('20240330000003') RETURNING "version" /*application='DemoRubyClassesRailsApi'*/[0m
  [1m[36mTRANSACTION (0.3ms)[0m  [1m[35mCOMMIT TRANSACTION /*application='DemoRubyClassesRailsApi'*/[0m
  [1m[36mActiveRecord::SchemaMigration Load (0.0ms)[0m  [1m[34mSELECT "schema_migrations"."version" FROM "schema_migrations" ORDER BY "schema_migrations"."version" ASC /*application='DemoRubyClassesRailsApi'*/[0m
  [1m[36mActiveRecord::InternalMetadata Load (0.4ms)[0m  [1m[34mSELECT * FROM "ar_internal_metadata" WHERE "ar_internal_metadata"."key" = 'environment' ORDER BY "ar_internal_metadata"."key" ASC LIMIT 1 /*application='DemoRubyClassesRailsApi'*/[0m
  [1m[36mActiveRecord::SchemaMigration Load (0.1ms)[0m  [1m[34mSELECT "schema_migrations"."version" FROM "schema_migrations" ORDER BY "schema_migrations"."version" ASC /*application='DemoRubyClassesRailsApi'*/[0m
Migrating to AddNoiseToAnimals (20240330000004)
  [1m[36mTRANSACTION (0.0ms)[0m  [1m[35mBEGIN immediate TRANSACTION /*application='DemoRubyClassesRailsApi'*/[0m
  [1m[35mSQL (0.2ms)[0m  [1m[35mPRAGMA foreign_keys /*application='DemoRubyClassesRailsApi'*/[0m
  [1m[35mSQL (0.0ms)[0m  [1m[35mPRAGMA defer_foreign_keys /*application='DemoRubyClassesRailsApi'*/[0m
  [1m[35m (0.0ms)[0m  [1m[35mPRAGMA defer_foreign_keys = ON /*application='DemoRubyClassesRailsApi'*/[0m
  [1m[35m (0.0ms)[0m  [1m[35mPRAGMA foreign_keys = OFF /*application='DemoRubyClassesRailsApi'*/[0m
  [1m[35m (0.4ms)[0m  [1m[35mCREATE TEMPORARY TABLE "aanimals" ("name" varchar NOT NULL PRIMARY KEY, "created_at" datetime(6) NOT NULL, "updated_at" datetime(6) NOT NULL) /*application='DemoRubyClassesRailsApi'*/[0m
  [1m[35mSQL (0.6ms)[0m  [1m[32mINSERT INTO "aanimals" ("name","created_at","updated_at")
                     SELECT "name","created_at","updated_at" FROM "animals" /*application='DemoRubyClassesRailsApi'*/[0m
  [1m[35m (0.1ms)[0m  [1m[35mDROP TABLE "animals" /*application='DemoRubyClassesRailsApi'*/[0m
  [1m[35m (1.3ms)[0m  [1m[35mCREATE TABLE "animals" ("name" varchar NOT NULL PRIMARY KEY, "created_at" datetime(6) NOT NULL, "updated_at" datetime(6) NOT NULL, "noise" varchar NOT NULL) /*application='DemoRubyClassesRailsApi'*/[0m
  [1m[35mSQL (0.0ms)[0m  [1m[32mINSERT INTO "animals" ("name","created_at","updated_at")
                     SELECT "name","created_at","updated_at" FROM "aanimals" /*application='DemoRubyClassesRailsApi'*/[0m
  [1m[35m (0.0ms)[0m  [1m[35mDROP TABLE "aanimals" /*application='DemoRubyClassesRailsApi'*/[0m
  [1m[35m (0.0ms)[0m  [1m[35mPRAGMA defer_foreign_keys = 0 /*application='DemoRubyClassesRailsApi'*/[0m
  [1m[35m (0.0ms)[0m  [1m[35mPRAGMA foreign_keys = 1 /*application='DemoRubyClassesRailsApi'*/[0m
  [1m[36mActiveRecord::SchemaMigration Create (0.0ms)[0m  [1m[32mINSERT INTO "schema_migrations" ("version") VALUES ('20240330000004') RETURNING "version" /*application='DemoRubyClassesRailsApi'*/[0m
  [1m[36mTRANSACTION (0.7ms)[0m  [1m[35mCOMMIT TRANSACTION /*application='DemoRubyClassesRailsApi'*/[0m
  [1m[36mActiveRecord::SchemaMigration Load (0.3ms)[0m  [1m[34mSELECT "schema_migrations"."version" FROM "schema_migrations" ORDER BY "schema_migrations"."version" ASC /*application='DemoRubyClassesRailsApi'*/[0m
  [1m[36mActiveRecord::SchemaMigration Load (1.3ms)[0m  [1m[34mSELECT "schema_migrations"."version" FROM "schema_migrations" ORDER BY "schema_migrations"."version" ASC /*application='DemoRubyClassesRailsApi'*/[0m
  [1m[36mAnimalLikesFood Load (0.2ms)[0m  [1m[34mSELECT "animal_likes_foods".* FROM "animal_likes_foods" /*application='DemoRubyClassesRailsApi'*/[0m
  [1m[36mAnimal Load (0.2ms)[0m  [1m[34mSELECT "animals".* FROM "animals" /*application='DemoRubyClassesRailsApi'*/[0m
  [1m[36mFood Load (0.1ms)[0m  [1m[34mSELECT "foods".* FROM "foods" /*application='DemoRubyClassesRailsApi'*/[0m
  [1m[36mTRANSACTION (0.1ms)[0m  [1m[35mBEGIN immediate TRANSACTION /*application='DemoRubyClassesRailsApi'*/[0m
  ↳ app/services/animal_service.rb:11:in 'block in AnimalService.create'
  [1m[36mAnimal Exists? (0.2ms)[0m  [1m[34mSELECT 1 AS one FROM "animals" WHERE "animals"."name" = 'Cat' LIMIT 1 /*application='DemoRubyClassesRailsApi'*/[0m
  ↳ app/services/animal_service.rb:16:in 'block in AnimalService.create'
  [1m[36mAnimal Create (0.7ms)[0m  [1m[32mINSERT INTO "animals" ("name", "created_at", "updated_at", "noise") VALUES ('Cat', '2025-03-30 18:46:12.072015', '2025-03-30 18:46:12.072015', 'meow') RETURNING "name" /*application='DemoRubyClassesRailsApi'*/[0m
  ↳ app/services/animal_service.rb:16:in 'block in AnimalService.create'
  [1m[36mFood Load (0.3ms)[0m  [1m[34mSELECT "foods".* FROM "foods" WHERE "foods"."name" = 'Cat Food' LIMIT 1 /*application='DemoRubyClassesRailsApi'*/[0m
  ↳ app/services/animal_service.rb:21:in 'block (2 levels) in AnimalService.create'
  [1m[36mTRANSACTION (0.2ms)[0m  [1m[35mSAVEPOINT active_record_1 /*application='DemoRubyClassesRailsApi'*/[0m
  ↳ app/services/animal_service.rb:21:in 'block (2 levels) in AnimalService.create'
  [1m[36mFood Exists? (7.6ms)[0m  [1m[34mSELECT 1 AS one FROM "foods" WHERE "foods"."name" = 'Cat Food' LIMIT 1 /*application='DemoRubyClassesRailsApi'*/[0m
  ↳ app/services/animal_service.rb:21:in 'block (2 levels) in AnimalService.create'
  [1m[36mFood Create (0.1ms)[0m  [1m[32mINSERT INTO "foods" ("name", "created_at", "updated_at") VALUES ('Cat Food', '2025-03-30 18:46:12.120233', '2025-03-30 18:46:12.120233') RETURNING "name" /*application='DemoRubyClassesRailsApi'*/[0m
  ↳ app/services/animal_service.rb:21:in 'block (2 levels) in AnimalService.create'
  [1m[36mTRANSACTION (0.0ms)[0m  [1m[35mRELEASE SAVEPOINT active_record_1 /*application='DemoRubyClassesRailsApi'*/[0m
  ↳ app/services/animal_service.rb:21:in 'block (2 levels) in AnimalService.create'
  [1m[36mAnimal Load (0.0ms)[0m  [1m[34mSELECT "animals".* FROM "animals" WHERE "animals"."name" = 'Cat' LIMIT 1 /*application='DemoRubyClassesRailsApi'*/[0m
  ↳ app/services/animal_service.rb:24:in 'block (2 levels) in AnimalService.create'
  [1m[36mFood Load (0.1ms)[0m  [1m[34mSELECT "foods".* FROM "foods" WHERE "foods"."name" = 'Cat Food' LIMIT 1 /*application='DemoRubyClassesRailsApi'*/[0m
  ↳ app/services/animal_service.rb:24:in 'block (2 levels) in AnimalService.create'
  [1m[36mAnimalLikesFood Exists? (0.3ms)[0m  [1m[34mSELECT 1 AS one FROM "animal_likes_foods" WHERE "animal_likes_foods"."animal_name" = 'Cat' AND "animal_likes_foods"."food_name" = 'Cat Food' LIMIT 1 /*application='DemoRubyClassesRailsApi'*/[0m
  ↳ app/services/animal_service.rb:24:in 'block (2 levels) in AnimalService.create'
  [1m[36mAnimalLikesFood Create (0.2ms)[0m  [1m[32mINSERT INTO "animal_likes_foods" ("animal_name", "food_name", "created_at", "updated_at") VALUES ('Cat', 'Cat Food', '2025-03-30 18:46:12.181672', '2025-03-30 18:46:12.181672') RETURNING "id" /*application='DemoRubyClassesRailsApi'*/[0m
  ↳ app/services/animal_service.rb:24:in 'block (2 levels) in AnimalService.create'
  [1m[36mFood Load (0.0ms)[0m  [1m[34mSELECT "foods".* FROM "foods" WHERE "foods"."name" = 'Chicken' LIMIT 1 /*application='DemoRubyClassesRailsApi'*/[0m
  ↳ app/services/animal_service.rb:21:in 'block (2 levels) in AnimalService.create'
  [1m[36mTRANSACTION (0.9ms)[0m  [1m[35mSAVEPOINT active_record_1 /*application='DemoRubyClassesRailsApi'*/[0m
  ↳ app/services/animal_service.rb:21:in 'block (2 levels) in AnimalService.create'
  [1m[36mFood Exists? (2.2ms)[0m  [1m[34mSELECT 1 AS one FROM "foods" WHERE "foods"."name" = 'Chicken' LIMIT 1 /*application='DemoRubyClassesRailsApi'*/[0m
  ↳ app/services/animal_service.rb:21:in 'block (2 levels) in AnimalService.create'
  [1m[36mFood Create (0.1ms)[0m  [1m[32mINSERT INTO "foods" ("name", "created_at", "updated_at") VALUES ('Chicken', '2025-03-30 18:46:12.200564', '2025-03-30 18:46:12.200564') RETURNING "name" /*application='DemoRubyClassesRailsApi'*/[0m
  ↳ app/services/animal_service.rb:21:in 'block (2 levels) in AnimalService.create'
  [1m[36mTRANSACTION (0.0ms)[0m  [1m[35mRELEASE SAVEPOINT active_record_1 /*application='DemoRubyClassesRailsApi'*/[0m
  ↳ app/services/animal_service.rb:21:in 'block (2 levels) in AnimalService.create'
  [1m[36mAnimal Load (0.3ms)[0m  [1m[34mSELECT "animals".* FROM "animals" WHERE "animals"."name" = 'Cat' LIMIT 1 /*application='DemoRubyClassesRailsApi'*/[0m
  ↳ app/services/animal_service.rb:24:in 'block (2 levels) in AnimalService.create'
  [1m[36mFood Load (0.2ms)[0m  [1m[34mSELECT "foods".* FROM "foods" WHERE "foods"."name" = 'Chicken' LIMIT 1 /*application='DemoRubyClassesRailsApi'*/[0m
  ↳ app/services/animal_service.rb:24:in 'block (2 levels) in AnimalService.create'
  [1m[36mAnimalLikesFood Exists? (0.0ms)[0m  [1m[34mSELECT 1 AS one FROM "animal_likes_foods" WHERE "animal_likes_foods"."animal_name" = 'Cat' AND "animal_likes_foods"."food_name" = 'Chicken' LIMIT 1 /*application='DemoRubyClassesRailsApi'*/[0m
  ↳ app/services/animal_service.rb:24:in 'block (2 levels) in AnimalService.create'
  [1m[36mAnimalLikesFood Create (0.1ms)[0m  [1m[32mINSERT INTO "animal_likes_foods" ("animal_name", "food_name", "created_at", "updated_at") VALUES ('Cat', 'Chicken', '2025-03-30 18:46:12.218447', '2025-03-30 18:46:12.218447') RETURNING "id" /*application='DemoRubyClassesRailsApi'*/[0m
  ↳ app/services/animal_service.rb:24:in 'block (2 levels) in AnimalService.create'
  [1m[36mFood Load (0.1ms)[0m  [1m[34mSELECT "foods".* FROM "foods" WHERE "foods"."name" = 'Milk' LIMIT 1 /*application='DemoRubyClassesRailsApi'*/[0m
  ↳ app/services/animal_service.rb:21:in 'block (2 levels) in AnimalService.create'
  [1m[36mTRANSACTION (0.0ms)[0m  [1m[35mSAVEPOINT active_record_1 /*application='DemoRubyClassesRailsApi'*/[0m
  ↳ app/services/animal_service.rb:21:in 'block (2 levels) in AnimalService.create'
  [1m[36mFood Exists? (0.8ms)[0m  [1m[34mSELECT 1 AS one FROM "foods" WHERE "foods"."name" = 'Milk' LIMIT 1 /*application='DemoRubyClassesRailsApi'*/[0m
  ↳ app/services/animal_service.rb:21:in 'block (2 levels) in AnimalService.create'
  [1m[36mFood Create (0.0ms)[0m  [1m[32mINSERT INTO "foods" ("name", "created_at", "updated_at") VALUES ('Milk', '2025-03-30 18:46:12.227333', '2025-03-30 18:46:12.227333') RETURNING "name" /*application='DemoRubyClassesRailsApi'*/[0m
  ↳ app/services/animal_service.rb:21:in 'block (2 levels) in AnimalService.create'
  [1m[36mTRANSACTION (0.0ms)[0m  [1m[35mRELEASE SAVEPOINT active_record_1 /*application='DemoRubyClassesRailsApi'*/[0m
  ↳ app/services/animal_service.rb:21:in 'block (2 levels) in AnimalService.create'
  [1m[36mAnimal Load (0.0ms)[0m  [1m[34mSELECT "animals".* FROM "animals" WHERE "animals"."name" = 'Cat' LIMIT 1 /*application='DemoRubyClassesRailsApi'*/[0m
  ↳ app/services/animal_service.rb:24:in 'block (2 levels) in AnimalService.create'
  [1m[36mFood Load (0.0ms)[0m  [1m[34mSELECT "foods".* FROM "foods" WHERE "foods"."name" = 'Milk' LIMIT 1 /*application='DemoRubyClassesRailsApi'*/[0m
  ↳ app/services/animal_service.rb:24:in 'block (2 levels) in AnimalService.create'
  [1m[36mAnimalLikesFood Exists? (0.0ms)[0m  [1m[34mSELECT 1 AS one FROM "animal_likes_foods" WHERE "animal_likes_foods"."animal_name" = 'Cat' AND "animal_likes_foods"."food_name" = 'Milk' LIMIT 1 /*application='DemoRubyClassesRailsApi'*/[0m
  ↳ app/services/animal_service.rb:24:in 'block (2 levels) in AnimalService.create'
  [1m[36mAnimalLikesFood Create (0.0ms)[0m  [1m[32mINSERT INTO "animal_likes_foods" ("animal_name", "food_name", "created_at", "updated_at") VALUES ('Cat', 'Milk', '2025-03-30 18:46:12.233994', '2025-03-30 18:46:12.233994') RETURNING "id" /*application='DemoRubyClassesRailsApi'*/[0m
  ↳ app/services/animal_service.rb:24:in 'block (2 levels) in AnimalService.create'
  [1m[36mFood Load (0.0ms)[0m  [1m[34mSELECT "foods".* FROM "foods" INNER JOIN "animal_likes_foods" ON "foods"."name" = "animal_likes_foods"."food_name" WHERE "animal_likes_foods"."animal_name" = 'Cat' /*application='DemoRubyClassesRailsApi'*/[0m
  ↳ app/services/animal_service.rb:34:in 'block in AnimalService.create'
  [1m[36mTRANSACTION (0.4ms)[0m  [1m[35mCOMMIT TRANSACTION /*application='DemoRubyClassesRailsApi'*/[0m
  ↳ app/services/animal_service.rb:10:in 'AnimalService.create'
  [1m[36mTRANSACTION (0.6ms)[0m  [1m[35mBEGIN immediate TRANSACTION /*application='DemoRubyClassesRailsApi'*/[0m
  ↳ app/services/animal_service.rb:16:in 'block in AnimalService.create'
  [1m[36mAnimal Exists? (1.7ms)[0m  [1m[34mSELECT 1 AS one FROM "animals" WHERE "animals"."name" = 'Dog' LIMIT 1 /*application='DemoRubyClassesRailsApi'*/[0m
  ↳ app/services/animal_service.rb:16:in 'block in AnimalService.create'
  [1m[36mAnimal Create (0.0ms)[0m  [1m[32mINSERT INTO "animals" ("name", "created_at", "updated_at", "noise") VALUES ('Dog', '2025-03-30 18:46:12.276301', '2025-03-30 18:46:12.276301', 'bark') RETURNING "name" /*application='DemoRubyClassesRailsApi'*/[0m
  ↳ app/services/animal_service.rb:16:in 'block in AnimalService.create'
  [1m[36mFood Load (0.0ms)[0m  [1m[34mSELECT "foods".* FROM "foods" WHERE "foods"."name" = 'Dog Food' LIMIT 1 /*application='DemoRubyClassesRailsApi'*/[0m
  ↳ app/services/animal_service.rb:21:in 'block (2 levels) in AnimalService.create'
  [1m[36mTRANSACTION (0.0ms)[0m  [1m[35mSAVEPOINT active_record_1 /*application='DemoRubyClassesRailsApi'*/[0m
  ↳ app/services/animal_service.rb:21:in 'block (2 levels) in AnimalService.create'
  [1m[36mFood Exists? (0.5ms)[0m  [1m[34mSELECT 1 AS one FROM "foods" WHERE "foods"."name" = 'Dog Food' LIMIT 1 /*application='DemoRubyClassesRailsApi'*/[0m
  ↳ app/services/animal_service.rb:21:in 'block (2 levels) in AnimalService.create'
  [1m[36mFood Create (0.0ms)[0m  [1m[32mINSERT INTO "foods" ("name", "created_at", "updated_at") VALUES ('Dog Food', '2025-03-30 18:46:12.282352', '2025-03-30 18:46:12.282352') RETURNING "name" /*application='DemoRubyClassesRailsApi'*/[0m
  ↳ app/services/animal_service.rb:21:in 'block (2 levels) in AnimalService.create'
  [1m[36mTRANSACTION (0.0ms)[0m  [1m[35mRELEASE SAVEPOINT active_record_1 /*application='DemoRubyClassesRailsApi'*/[0m
  ↳ app/services/animal_service.rb:21:in 'block (2 levels) in AnimalService.create'
  [1m[36mAnimal Load (0.0ms)[0m  [1m[34mSELECT "animals".* FROM "animals" WHERE "animals"."name" = 'Dog' LIMIT 1 /*application='DemoRubyClassesRailsApi'*/[0m
  ↳ app/services/animal_service.rb:24:in 'block (2 levels) in AnimalService.create'
  [1m[36mFood Load (0.1ms)[0m  [1m[34mSELECT "foods".* FROM "foods" WHERE "foods"."name" = 'Dog Food' LIMIT 1 /*application='DemoRubyClassesRailsApi'*/[0m
  ↳ app/services/animal_service.rb:24:in 'block (2 levels) in AnimalService.create'
  [1m[36mAnimalLikesFood Exists? (0.0ms)[0m  [1m[34mSELECT 1 AS one FROM "animal_likes_foods" WHERE "animal_likes_foods"."animal_name" = 'Dog' AND "animal_likes_foods"."food_name" = 'Dog Food' LIMIT 1 /*application='DemoRubyClassesRailsApi'*/[0m
  ↳ app/services/animal_service.rb:24:in 'block (2 levels) in AnimalService.create'
  [1m[36mAnimalLikesFood Create (0.1ms)[0m  [1m[32mINSERT INTO "animal_likes_foods" ("animal_name", "food_name", "created_at", "updated_at") VALUES ('Dog', 'Dog Food', '2025-03-30 18:46:12.298976', '2025-03-30 18:46:12.298976') RETURNING "id" /*application='DemoRubyClassesRailsApi'*/[0m
  ↳ app/services/animal_service.rb:24:in 'block (2 levels) in AnimalService.create'
  [1m[36mFood Load (0.0ms)[0m  [1m[34mSELECT "foods".* FROM "foods" WHERE "foods"."name" = 'Cat Food' LIMIT 1 /*application='DemoRubyClassesRailsApi'*/[0m
  ↳ app/services/animal_service.rb:21:in 'block (2 levels) in AnimalService.create'
  [1m[36mAnimal Load (0.0ms)[0m  [1m[34mSELECT "animals".* FROM "animals" WHERE "animals"."name" = 'Dog' LIMIT 1 /*application='DemoRubyClassesRailsApi'*/[0m
  ↳ app/services/animal_service.rb:24:in 'block (2 levels) in AnimalService.create'
  [1m[36mCACHE Food Load (0.4ms)[0m  [1m[34mSELECT "foods".* FROM "foods" WHERE "foods"."name" = 'Cat Food' LIMIT 1[0m
  ↳ app/services/animal_service.rb:24:in 'block (2 levels) in AnimalService.create'
  [1m[36mAnimalLikesFood Exists? (0.0ms)[0m  [1m[34mSELECT 1 AS one FROM "animal_likes_foods" WHERE "animal_likes_foods"."animal_name" = 'Dog' AND "animal_likes_foods"."food_name" = 'Cat Food' LIMIT 1 /*application='DemoRubyClassesRailsApi'*/[0m
  ↳ app/services/animal_service.rb:24:in 'block (2 levels) in AnimalService.create'
  [1m[36mAnimalLikesFood Create (0.1ms)[0m  [1m[32mINSERT INTO "animal_likes_foods" ("animal_name", "food_name", "created_at", "updated_at") VALUES ('Dog', 'Cat Food', '2025-03-30 18:46:12.312493', '2025-03-30 18:46:12.312493') RETURNING "id" /*application='DemoRubyClassesRailsApi'*/[0m
  ↳ app/services/animal_service.rb:24:in 'block (2 levels) in AnimalService.create'
  [1m[36mFood Load (0.0ms)[0m  [1m[34mSELECT "foods".* FROM "foods" WHERE "foods"."name" = 'Chicken' LIMIT 1 /*application='DemoRubyClassesRailsApi'*/[0m
  ↳ app/services/animal_service.rb:21:in 'block (2 levels) in AnimalService.create'
  [1m[36mAnimal Load (0.0ms)[0m  [1m[34mSELECT "animals".* FROM "animals" WHERE "animals"."name" = 'Dog' LIMIT 1 /*application='DemoRubyClassesRailsApi'*/[0m
  ↳ app/services/animal_service.rb:24:in 'block (2 levels) in AnimalService.create'
  [1m[36mCACHE Food Load (0.3ms)[0m  [1m[34mSELECT "foods".* FROM "foods" WHERE "foods"."name" = 'Chicken' LIMIT 1[0m
  ↳ app/services/animal_service.rb:24:in 'block (2 levels) in AnimalService.create'
  [1m[36mAnimalLikesFood Exists? (0.0ms)[0m  [1m[34mSELECT 1 AS one FROM "animal_likes_foods" WHERE "animal_likes_foods"."animal_name" = 'Dog' AND "animal_likes_foods"."food_name" = 'Chicken' LIMIT 1 /*application='DemoRubyClassesRailsApi'*/[0m
  ↳ app/services/animal_service.rb:24:in 'block (2 levels) in AnimalService.create'
  [1m[36mAnimalLikesFood Create (0.0ms)[0m  [1m[32mINSERT INTO "animal_likes_foods" ("animal_name", "food_name", "created_at", "updated_at") VALUES ('Dog', 'Chicken', '2025-03-30 18:46:12.319810', '2025-03-30 18:46:12.319810') RETURNING "id" /*application='DemoRubyClassesRailsApi'*/[0m
  ↳ app/services/animal_service.rb:24:in 'block (2 levels) in AnimalService.create'
  [1m[36mFood Load (0.0ms)[0m  [1m[34mSELECT "foods".* FROM "foods" WHERE "foods"."name" = 'Human Food' LIMIT 1 /*application='DemoRubyClassesRailsApi'*/[0m
  ↳ app/services/animal_service.rb:21:in 'block (2 levels) in AnimalService.create'
  [1m[36mTRANSACTION (0.0ms)[0m  [1m[35mSAVEPOINT active_record_1 /*application='DemoRubyClassesRailsApi'*/[0m
  ↳ app/services/animal_service.rb:21:in 'block (2 levels) in AnimalService.create'
  [1m[36mFood Exists? (0.5ms)[0m  [1m[34mSELECT 1 AS one FROM "foods" WHERE "foods"."name" = 'Human Food' LIMIT 1 /*application='DemoRubyClassesRailsApi'*/[0m
  ↳ app/services/animal_service.rb:21:in 'block (2 levels) in AnimalService.create'
  [1m[36mFood Create (0.0ms)[0m  [1m[32mINSERT INTO "foods" ("name", "created_at", "updated_at") VALUES ('Human Food', '2025-03-30 18:46:12.326135', '2025-03-30 18:46:12.326135') RETURNING "name" /*application='DemoRubyClassesRailsApi'*/[0m
  ↳ app/services/animal_service.rb:21:in 'block (2 levels) in AnimalService.create'
  [1m[36mTRANSACTION (0.0ms)[0m  [1m[35mRELEASE SAVEPOINT active_record_1 /*application='DemoRubyClassesRailsApi'*/[0m
  ↳ app/services/animal_service.rb:21:in 'block (2 levels) in AnimalService.create'
  [1m[36mAnimal Load (0.0ms)[0m  [1m[34mSELECT "animals".* FROM "animals" WHERE "animals"."name" = 'Dog' LIMIT 1 /*application='DemoRubyClassesRailsApi'*/[0m
  ↳ app/services/animal_service.rb:24:in 'block (2 levels) in AnimalService.create'
  [1m[36mFood Load (0.0ms)[0m  [1m[34mSELECT "foods".* FROM "foods" WHERE "foods"."name" = 'Human Food' LIMIT 1 /*application='DemoRubyClassesRailsApi'*/[0m
  ↳ app/services/animal_service.rb:24:in 'block (2 levels) in AnimalService.create'
  [1m[36mAnimalLikesFood Exists? (0.0ms)[0m  [1m[34mSELECT 1 AS one FROM "animal_likes_foods" WHERE "animal_likes_foods"."animal_name" = 'Dog' AND "animal_likes_foods"."food_name" = 'Human Food' LIMIT 1 /*application='DemoRubyClassesRailsApi'*/[0m
  ↳ app/services/animal_service.rb:24:in 'block (2 levels) in AnimalService.create'
  [1m[36mAnimalLikesFood Create (0.0ms)[0m  [1m[32mINSERT INTO "animal_likes_foods" ("animal_name", "food_name", "created_at", "updated_at") VALUES ('Dog', 'Human Food', '2025-03-30 18:46:12.330956', '2025-03-30 18:46:12.330956') RETURNING "id" /*application='DemoRubyClassesRailsApi'*/[0m
  ↳ app/services/animal_service.rb:24:in 'block (2 levels) in AnimalService.create'
  [1m[36mFood Load (0.0ms)[0m  [1m[34mSELECT "foods".* FROM "foods" INNER JOIN "animal_likes_foods" ON "foods"."name" = "animal_likes_foods"."food_name" WHERE "animal_likes_foods"."animal_name" = 'Dog' /*application='DemoRubyClassesRailsApi'*/[0m
  ↳ app/services/animal_service.rb:34:in 'block in AnimalService.create'
  [1m[36mTRANSACTION (0.1ms)[0m  [1m[35mCOMMIT TRANSACTION /*application='DemoRubyClassesRailsApi'*/[0m
  ↳ app/services/animal_service.rb:10:in 'AnimalService.create'
Started GET "/animals/Dog/foods/Cat%20Food" for ::1 at 2025-03-30 14:47:42 -0400
  [1m[36mActiveRecord::SchemaMigration Load (1.0ms)[0m  [1m[34mSELECT "schema_migrations"."version" FROM "schema_migrations" ORDER BY "schema_migrations"."version" ASC /*application='DemoRubyClassesRailsApi'*/[0m
Processing by AnimalsController#check_animal_likes_food as */*
  Parameters: {"id" => "Dog", "food_name" => "Cat Food"}
  [1m[36mAnimalLikesFood Load (0.4ms)[0m  [1m[34mSELECT "animal_likes_foods".* FROM "animal_likes_foods" WHERE "animal_likes_foods"."animal_name" = 'Dog' AND "animal_likes_foods"."food_name" = 'Cat Food' LIMIT 1 /*action='check_animal_likes_food',application='DemoRubyClassesRailsApi',controller='animals'*/[0m
  ↳ app/services/animal_service.rb:51:in 'AnimalService.check_animal_likes_food'
  [1m[36mAnimal Load (0.3ms)[0m  [1m[34mSELECT "animals".* FROM "animals" WHERE "animals"."name" = 'Dog' LIMIT 1 /*action='check_animal_likes_food',application='DemoRubyClassesRailsApi',controller='animals'*/[0m
  ↳ app/services/animal_service.rb:55:in 'AnimalService.check_animal_likes_food'
Completed 200 OK in 116ms (Views: 0.2ms | ActiveRecord: 5.2ms (2 queries, 0 cached) | GC: 20.4ms)


Started GET "/animals/Dog/foods/Cat%20Foodf" for ::1 at 2025-03-30 14:47:49 -0400
Processing by AnimalsController#check_animal_likes_food as */*
  Parameters: {"id" => "Dog", "food_name" => "Cat Foodf"}
  [1m[36mAnimalLikesFood Load (2.3ms)[0m  [1m[34mSELECT "animal_likes_foods".* FROM "animal_likes_foods" WHERE "animal_likes_foods"."animal_name" = 'Dog' AND "animal_likes_foods"."food_name" = 'Cat Foodf' LIMIT 1 /*action='check_animal_likes_food',application='DemoRubyClassesRailsApi',controller='animals'*/[0m
  ↳ app/services/animal_service.rb:51:in 'AnimalService.check_animal_likes_food'
  [1m[36mAnimal Load (0.2ms)[0m  [1m[34mSELECT "animals".* FROM "animals" WHERE "animals"."name" = 'Dog' LIMIT 1 /*action='check_animal_likes_food',application='DemoRubyClassesRailsApi',controller='animals'*/[0m
  ↳ app/services/animal_service.rb:60:in 'AnimalService.check_animal_likes_food'
  [1m[36mFood Load (0.1ms)[0m  [1m[34mSELECT "foods".* FROM "foods" WHERE "foods"."name" = 'Cat Foodf' LIMIT 1 /*action='check_animal_likes_food',application='DemoRubyClassesRailsApi',controller='animals'*/[0m
  ↳ app/services/animal_service.rb:64:in 'AnimalService.check_animal_likes_food'
Completed 404 Not Found in 67ms (Views: 0.5ms | ActiveRecord: 3.0ms (3 queries, 0 cached) | GC: 7.4ms)


Started GET "/animals/Dogg/foods/Cat%20Food" for ::1 at 2025-03-30 14:47:59 -0400
Processing by AnimalsController#check_animal_likes_food as */*
  Parameters: {"id" => "Dogg", "food_name" => "Cat Food"}
  [1m[36mAnimalLikesFood Load (0.8ms)[0m  [1m[34mSELECT "animal_likes_foods".* FROM "animal_likes_foods" WHERE "animal_likes_foods"."animal_name" = 'Dogg' AND "animal_likes_foods"."food_name" = 'Cat Food' LIMIT 1 /*action='check_animal_likes_food',application='DemoRubyClassesRailsApi',controller='animals'*/[0m
  ↳ app/services/animal_service.rb:51:in 'AnimalService.check_animal_likes_food'
  [1m[36mAnimal Load (0.1ms)[0m  [1m[34mSELECT "animals".* FROM "animals" WHERE "animals"."name" = 'Dogg' LIMIT 1 /*action='check_animal_likes_food',application='DemoRubyClassesRailsApi',controller='animals'*/[0m
  ↳ app/services/animal_service.rb:60:in 'AnimalService.check_animal_likes_food'
Completed 404 Not Found in 28ms (Views: 0.5ms | ActiveRecord: 0.7ms (2 queries, 0 cached) | GC: 0.0ms)


Started GET "/animals/Dog/foods/Cat%20Food" for ::1 at 2025-03-30 14:48:42 -0400
Processing by AnimalsController#check_animal_likes_food as */*
  Parameters: {"id" => "Dog", "food_name" => "Cat Food"}
  [1m[36mAnimalLikesFood Load (0.8ms)[0m  [1m[34mSELECT "animal_likes_foods".* FROM "animal_likes_foods" WHERE "animal_likes_foods"."animal_name" = 'Dog' AND "animal_likes_foods"."food_name" = 'Cat Food' LIMIT 1 /*action='check_animal_likes_food',application='DemoRubyClassesRailsApi',controller='animals'*/[0m
  ↳ app/services/animal_service.rb:51:in 'AnimalService.check_animal_likes_food'
  [1m[36mAnimal Load (0.1ms)[0m  [1m[34mSELECT "animals".* FROM "animals" WHERE "animals"."name" = 'Dog' LIMIT 1 /*action='check_animal_likes_food',application='DemoRubyClassesRailsApi',controller='animals'*/[0m
  ↳ app/services/animal_service.rb:55:in 'AnimalService.check_animal_likes_food'
Completed 200 OK in 42ms (Views: 0.2ms | ActiveRecord: 0.9ms (2 queries, 0 cached) | GC: 0.0ms)


Started GET "/animals/Cat/foods/Cat%20Food" for ::1 at 2025-03-30 14:48:52 -0400
Processing by AnimalsController#check_animal_likes_food as */*
  Parameters: {"id" => "Cat", "food_name" => "Cat Food"}
  [1m[36mAnimalLikesFood Load (1.4ms)[0m  [1m[34mSELECT "animal_likes_foods".* FROM "animal_likes_foods" WHERE "animal_likes_foods"."animal_name" = 'Cat' AND "animal_likes_foods"."food_name" = 'Cat Food' LIMIT 1 /*action='check_animal_likes_food',application='DemoRubyClassesRailsApi',controller='animals'*/[0m
  ↳ app/services/animal_service.rb:51:in 'AnimalService.check_animal_likes_food'
  [1m[36mAnimal Load (0.3ms)[0m  [1m[34mSELECT "animals".* FROM "animals" WHERE "animals"."name" = 'Cat' LIMIT 1 /*action='check_animal_likes_food',application='DemoRubyClassesRailsApi',controller='animals'*/[0m
  ↳ app/services/animal_service.rb:55:in 'AnimalService.check_animal_likes_food'
Completed 200 OK in 33ms (Views: 1.2ms | ActiveRecord: 1.5ms (2 queries, 0 cached) | GC: 0.0ms)


Started GET "/animals/Cat/foods/Dog%20Food" for ::1 at 2025-03-30 14:49:02 -0400
Processing by AnimalsController#check_animal_likes_food as */*
  Parameters: {"id" => "Cat", "food_name" => "Dog Food"}
  [1m[36mAnimalLikesFood Load (0.4ms)[0m  [1m[34mSELECT "animal_likes_foods".* FROM "animal_likes_foods" WHERE "animal_likes_foods"."animal_name" = 'Cat' AND "animal_likes_foods"."food_name" = 'Dog Food' LIMIT 1 /*action='check_animal_likes_food',application='DemoRubyClassesRailsApi',controller='animals'*/[0m
  ↳ app/services/animal_service.rb:51:in 'AnimalService.check_animal_likes_food'
  [1m[36mAnimal Load (0.1ms)[0m  [1m[34mSELECT "animals".* FROM "animals" WHERE "animals"."name" = 'Cat' LIMIT 1 /*action='check_animal_likes_food',application='DemoRubyClassesRailsApi',controller='animals'*/[0m
  ↳ app/services/animal_service.rb:60:in 'AnimalService.check_animal_likes_food'
  [1m[36mFood Load (0.6ms)[0m  [1m[34mSELECT "foods".* FROM "foods" WHERE "foods"."name" = 'Dog Food' LIMIT 1 /*action='check_animal_likes_food',application='DemoRubyClassesRailsApi',controller='animals'*/[0m
  ↳ app/services/animal_service.rb:64:in 'AnimalService.check_animal_likes_food'
Completed 200 OK in 34ms (Views: 0.6ms | ActiveRecord: 1.0ms (3 queries, 0 cached) | GC: 0.0ms)


Started GET "/animals/Cat/foods" for ::1 at 2025-03-30 15:03:12 -0400
Processing by AnimalsController#list_animal_likes_food as */*
  Parameters: {"id" => "Cat"}
  [1m[36mAnimal Load (8.3ms)[0m  [1m[34mSELECT "animals".* FROM "animals" WHERE "animals"."name" = 'Cat' LIMIT 1 /*action='list_animal_likes_food',application='DemoRubyClassesRailsApi',controller='animals'*/[0m
  ↳ app/services/animal_service.rb:72:in 'AnimalService.list_animal_likes_food'
  [1m[36mAnimalLikesFood Load (0.4ms)[0m  [1m[34mSELECT "animal_likes_foods".* FROM "animal_likes_foods" WHERE "animal_likes_foods"."animal_name" = 'Cat' /*action='list_animal_likes_food',application='DemoRubyClassesRailsApi',controller='animals'*/[0m
  ↳ app/services/animal_service.rb:72:in 'AnimalService.list_animal_likes_food'
  [1m[36mFood Load (0.4ms)[0m  [1m[34mSELECT "foods".* FROM "foods" WHERE "foods"."name" IN ('Cat Food', 'Chicken', 'Milk') /*action='list_animal_likes_food',application='DemoRubyClassesRailsApi',controller='animals'*/[0m
  ↳ app/services/animal_service.rb:72:in 'AnimalService.list_animal_likes_food'
Completed 200 OK in 108ms (Views: 0.6ms | ActiveRecord: 8.2ms (3 queries, 0 cached) | GC: 0.0ms)


Started GET "/animals/Cat/foods/Cat%20Food" for ::1 at 2025-03-30 15:03:20 -0400
Processing by AnimalsController#check_animal_likes_food as */*
  Parameters: {"id" => "Cat", "food_name" => "Cat Food"}
  [1m[36mAnimalLikesFood Load (0.6ms)[0m  [1m[34mSELECT "animal_likes_foods".* FROM "animal_likes_foods" WHERE "animal_likes_foods"."animal_name" = 'Cat' AND "animal_likes_foods"."food_name" = 'Cat Food' LIMIT 1 /*action='check_animal_likes_food',application='DemoRubyClassesRailsApi',controller='animals'*/[0m
  ↳ app/services/animal_service.rb:51:in 'AnimalService.check_animal_likes_food'
  [1m[36mAnimal Load (0.1ms)[0m  [1m[34mSELECT "animals".* FROM "animals" WHERE "animals"."name" = 'Cat' LIMIT 1 /*action='check_animal_likes_food',application='DemoRubyClassesRailsApi',controller='animals'*/[0m
  ↳ app/services/animal_service.rb:55:in 'AnimalService.check_animal_likes_food'
Completed 200 OK in 36ms (Views: 0.4ms | ActiveRecord: 0.6ms (2 queries, 0 cached) | GC: 0.0ms)


Started GET "/animals" for ::1 at 2025-03-30 15:03:35 -0400
Processing by AnimalsController#index as */*
  [1m[36mAnimal Load (0.6ms)[0m  [1m[34mSELECT "animals".* FROM "animals" /*action='index',application='DemoRubyClassesRailsApi',controller='animals'*/[0m
  ↳ app/services/animal_service.rb:3:in 'AnimalService.list_all'
Completed 200 OK in 45ms (Views: 11.8ms | ActiveRecord: 0.5ms (1 query, 0 cached) | GC: 0.0ms)


Started GET "/foods" for ::1 at 2025-03-30 15:03:48 -0400
Processing by FoodsController#index as */*
  [1m[36mFood Load (0.5ms)[0m  [1m[34mSELECT "foods".* FROM "foods" /*action='index',application='DemoRubyClassesRailsApi',controller='foods'*/[0m
  ↳ app/controllers/foods_controller.rb:4:in 'FoodsController#index'
Completed 200 OK in 33ms (Views: 11.0ms | ActiveRecord: 0.5ms (1 query, 0 cached) | GC: 0.0ms)


Started GET "/foods/Dog%20Food/animals" for ::1 at 2025-03-30 15:06:54 -0400
Processing by FoodsController#list_food_liked_by_animals as */*
  Parameters: {"id" => "Dog Food"}
  [1m[36mFood Load (0.3ms)[0m  [1m[34mSELECT "foods".* FROM "foods" WHERE "foods"."name" = 'Dog Food' LIMIT 1 /*action='list_food_liked_by_animals',application='DemoRubyClassesRailsApi',controller='foods'*/[0m
  ↳ app/services/food_service.rb:17:in 'FoodService.list_food_liked_by_animals'
  [1m[36mAnimalLikesFood Load (0.1ms)[0m  [1m[34mSELECT "animal_likes_foods".* FROM "animal_likes_foods" WHERE "animal_likes_foods"."food_name" = 'Dog Food' /*action='list_food_liked_by_animals',application='DemoRubyClassesRailsApi',controller='foods'*/[0m
  ↳ app/services/food_service.rb:17:in 'FoodService.list_food_liked_by_animals'
  [1m[36mAnimal Load (0.0ms)[0m  [1m[34mSELECT "animals".* FROM "animals" WHERE "animals"."name" = 'Dog' /*action='list_food_liked_by_animals',application='DemoRubyClassesRailsApi',controller='foods'*/[0m
  ↳ app/services/food_service.rb:17:in 'FoodService.list_food_liked_by_animals'
Completed 200 OK in 97ms (Views: 1.1ms | ActiveRecord: 3.2ms (3 queries, 0 cached) | GC: 0.0ms)


